<?xml version="1.0" encoding="utf-8"?><testsuites name="pytest tests"><testsuite name="pytest" errors="0" failures="0" skipped="0" tests="9" time="1.955" timestamp="2026-04-11T06:27:32.189523+00:00" hostname="agent-env-6cef07f1-b10b-4c5d-95a6-58b52b8798d5"><testcase classname="backend.tests.test_iteration5.TestFaviconAndStaticAssets" name="test_favicon_svg_accessible" time="0.277" /><testcase classname="backend.tests.test_iteration5.TestFaviconAndStaticAssets" name="test_logo_accessible" time="0.116" /><testcase classname="backend.tests.test_iteration5.TestContactAPIWithYogaDuRire" name="test_contact_submission_with_yoga_du_rire" time="0.109" /><testcase classname="backend.tests.test_iteration5.TestContactAPIWithYogaDuRire" name="test_contact_submission_all_services" time="0.100" /><testcase classname="backend.tests.test_iteration5.TestAdminAuth" name="test_admin_login_returns_user_data" time="0.326" /><testcase classname="backend.tests.test_iteration5.TestAdminAuth" name="test_admin_get_contact_requests" time="0.376" /><testcase classname="backend.tests.test_iteration5.TestAdminAuth" name="test_admin_me_endpoint" time="0.371" /><testcase classname="backend.tests.test_iteration5.TestPublicEndpoints" name="test_testimonials_endpoint" time="0.098" /><testcase classname="backend.tests.test_iteration5.TestPublicEndpoints" name="test_blog_posts_endpoint" time="0.111" /></testsuite></testsuites>