<?xml version="1.0" encoding="utf-8"?><testsuites name="pytest tests"><testsuite name="pytest" errors="0" failures="0" skipped="0" tests="20" time="6.590" timestamp="2026-04-05T12:13:34.307741+00:00" hostname="agent-env-6cef07f1-b10b-4c5d-95a6-58b52b8798d5"><testcase classname="tests.test_sophie_coaching.TestHealthAndBasicEndpoints" name="test_blog_posts_endpoint_accessible" time="0.278" /><testcase classname="tests.test_sophie_coaching.TestHealthAndBasicEndpoints" name="test_testimonials_endpoint_accessible" time="0.094" /><testcase classname="tests.test_sophie_coaching.TestAuthentication" name="test_login_success" time="0.384" /><testcase classname="tests.test_sophie_coaching.TestAuthentication" name="test_login_invalid_credentials" time="0.101" /><testcase classname="tests.test_sophie_coaching.TestAuthentication" name="test_auth_me_without_token" time="0.138" /><testcase classname="tests.test_sophie_coaching.TestAuthentication" name="test_auth_me_with_cookie" time="0.367" /><testcase classname="tests.test_sophie_coaching.TestAuthentication" name="test_logout" time="0.419" /><testcase classname="tests.test_sophie_coaching.TestBlogCRUD" name="test_get_published_blog_posts" time="0.119" /><testcase classname="tests.test_sophie_coaching.TestBlogCRUD" name="test_create_blog_post" time="0.470" /><testcase classname="tests.test_sophie_coaching.TestBlogCRUD" name="test_get_blog_post_by_slug" time="0.781" /><testcase classname="tests.test_sophie_coaching.TestBlogCRUD" name="test_update_blog_post" time="0.448" /><testcase classname="tests.test_sophie_coaching.TestBlogCRUD" name="test_delete_blog_post" time="0.581" /><testcase classname="tests.test_sophie_coaching.TestBlogCRUD" name="test_create_blog_post_without_auth" time="0.096" /><testcase classname="tests.test_sophie_coaching.TestTestimonialsCRUD" name="test_get_testimonials" time="0.096" /><testcase classname="tests.test_sophie_coaching.TestTestimonialsCRUD" name="test_create_testimonial" time="0.469" /><testcase classname="tests.test_sophie_coaching.TestTestimonialsCRUD" name="test_update_testimonial" time="0.416" /><testcase classname="tests.test_sophie_coaching.TestTestimonialsCRUD" name="test_delete_testimonial" time="0.545" /><testcase classname="tests.test_sophie_coaching.TestContactForm" name="test_submit_contact_form" time="0.138" /><testcase classname="tests.test_sophie_coaching.TestContactForm" name="test_get_contact_requests_authenticated" time="0.371" /><testcase classname="tests.test_sophie_coaching.TestContactForm" name="test_get_contact_requests_unauthenticated" time="0.098" /></testsuite></testsuites>