<?xml version="1.0" encoding="utf-8"?><testsuites name="pytest tests"><testsuite name="pytest" errors="0" failures="0" skipped="0" tests="18" time="4.329" timestamp="2026-04-09T15:04:32.819825+00:00" hostname="agent-env-6cef07f1-b10b-4c5d-95a6-58b52b8798d5"><testcase classname="backend.tests.test_sophie_restructure.TestHealthAndBasicEndpoints" name="test_testimonials_endpoint" time="0.199" /><testcase classname="backend.tests.test_sophie_restructure.TestHealthAndBasicEndpoints" name="test_blog_posts_endpoint" time="0.137" /><testcase classname="backend.tests.test_sophie_restructure.TestHealthAndBasicEndpoints" name="test_blog_posts_published_filter" time="0.178" /><testcase classname="backend.tests.test_sophie_restructure.TestContactFormNewFields" name="test_contact_form_with_all_new_fields" time="0.117" /><testcase classname="backend.tests.test_sophie_restructure.TestContactFormNewFields" name="test_contact_form_minimal_fields" time="0.109" /><testcase classname="backend.tests.test_sophie_restructure.TestContactFormNewFields" name="test_contact_form_with_single_service" time="0.107" /><testcase classname="backend.tests.test_sophie_restructure.TestContactFormNewFields" name="test_contact_form_with_home_organising" time="0.108" /><testcase classname="backend.tests.test_sophie_restructure.TestContactFormNewFields" name="test_contact_form_missing_consent" time="0.147" /><testcase classname="backend.tests.test_sophie_restructure.TestContactFormNewFields" name="test_contact_form_invalid_email" time="0.117" /><testcase classname="backend.tests.test_sophie_restructure.TestAuthEndpoints" name="test_login_success" time="0.349" /><testcase classname="backend.tests.test_sophie_restructure.TestAuthEndpoints" name="test_login_invalid_password" time="0.336" /><testcase classname="backend.tests.test_sophie_restructure.TestAuthEndpoints" name="test_login_invalid_email" time="0.156" /><testcase classname="backend.tests.test_sophie_restructure.TestAdminContactRequests" name="test_get_contact_requests_authenticated" time="0.433" /><testcase classname="backend.tests.test_sophie_restructure.TestAdminContactRequests" name="test_get_contact_requests_unauthenticated" time="0.150" /><testcase classname="backend.tests.test_sophie_restructure.TestBlogEndpoints" name="test_create_blog_post" time="0.433" /><testcase classname="backend.tests.test_sophie_restructure.TestBlogEndpoints" name="test_get_blog_post_by_slug" time="0.495" /><testcase classname="backend.tests.test_sophie_restructure.TestServicesValidation" name="test_contact_form_accepts_valid_services" time="0.448" /><testcase classname="backend.tests.test_sophie_restructure.TestServicesValidation" name="test_contact_form_accepts_autre_option" time="0.134" /></testsuite></testsuites>