<?xml version="1.0" encoding="utf-8"?><testsuites name="pytest tests"><testsuite name="pytest" errors="0" failures="0" skipped="0" tests="21" time="4.350" timestamp="2026-04-11T06:36:48.740921+00:00" hostname="agent-env-6cef07f1-b10b-4c5d-95a6-58b52b8798d5"><testcase classname="backend.tests.test_iteration6.TestAuthRoutes" name="test_login_returns_user_data_and_cookies" time="0.362" /><testcase classname="backend.tests.test_iteration6.TestAuthRoutes" name="test_auth_me_returns_current_user" time="0.368" /><testcase classname="backend.tests.test_iteration6.TestAuthRoutes" name="test_logout_clears_cookies" time="0.371" /><testcase classname="backend.tests.test_iteration6.TestAuthRoutes" name="test_login_invalid_credentials" time="0.107" /><testcase classname="backend.tests.test_iteration6.TestBlogRoutes" name="test_get_blog_posts_list" time="0.114" /><testcase classname="backend.tests.test_iteration6.TestBlogRoutes" name="test_get_blog_posts_with_status_filter" time="0.107" /><testcase classname="backend.tests.test_iteration6.TestBlogRoutes" name="test_get_single_blog_post_by_slug" time="0.207" /><testcase classname="backend.tests.test_iteration6.TestBlogRoutes" name="test_get_nonexistent_blog_post" time="0.108" /><testcase classname="backend.tests.test_iteration6.TestTestimonialsRoutes" name="test_get_testimonials_list" time="0.107" /><testcase classname="backend.tests.test_iteration6.TestTestimonialsRoutes" name="test_testimonials_have_required_fields" time="0.104" /><testcase classname="backend.tests.test_iteration6.TestContactRoutes" name="test_submit_contact_form" time="0.103" /><testcase classname="backend.tests.test_iteration6.TestContactRoutes" name="test_admin_get_contact_requests" time="0.367" /><testcase classname="backend.tests.test_iteration6.TestContactRoutes" name="test_contact_requests_requires_auth" time="0.106" /><testcase classname="backend.tests.test_iteration6.TestUploadsRoutes" name="test_upload_requires_auth" time="0.101" /><testcase classname="backend.tests.test_iteration6.TestUploadsRoutes" name="test_get_existing_upload" time="0.350" /><testcase classname="backend.tests.test_iteration6.TestSEOFiles" name="test_sitemap_xml_accessible" time="0.103" /><testcase classname="backend.tests.test_iteration6.TestSEOFiles" name="test_robots_txt_accessible" time="0.110" /><testcase classname="backend.tests.test_iteration6.TestStaticAssets" name="test_favicon_accessible" time="0.100" /><testcase classname="backend.tests.test_iteration6.TestStaticAssets" name="test_logo_accessible" time="0.113" /><testcase classname="backend.tests.test_iteration6.TestAdminCRUDOperations" name="test_admin_can_create_and_delete_testimonial" time="0.421" /><testcase classname="backend.tests.test_iteration6.TestAdminCRUDOperations" name="test_admin_can_create_and_delete_blog_post" time="0.423" /></testsuite></testsuites>